[SQL_LOG:2023-01-19 16:13:03]:  SELECT  customer_no  FROM  session  WHERE   session_key = ?        [3udpmt7f99qkifm0gg2ci0ov9m]
[SQL_LOG:2023-01-19 16:13:03]:  INSERT INTO  session  (session_key ) VALUES (?)  [3udpmt7f99qkifm0gg2ci0ov9m]
[SQL_LOG:2023-01-19 16:13:03]:  SELECT  ctg_id, category_name  FROM  category        []
[SQL_LOG:2023-01-19 16:13:03]:  SELECT  item_id, item_name, price,image, ctg_id  FROM  item        []
[SQL_LOG:2023-01-19 16:14:39]:  SELECT  customer_no  FROM  session  WHERE   session_key = ?        [3udpmt7f99qkifm0gg2ci0ov9m]
[SQL_LOG:2023-01-19 16:14:39]:  SELECT  ctg_id, category_name  FROM  category        []
[SQL_LOG:2023-01-19 16:14:39]:  SELECT  item_id, item_name, detail, price, image, ctg_id  FROM  item  WHERE    item_id = ?        [1]
[SQL_LOG:2023-01-19 16:14:41]:  SELECT  customer_no  FROM  session  WHERE   session_key = ?        [3udpmt7f99qkifm0gg2ci0ov9m]
[SQL_LOG:2023-01-19 16:14:41]:  SELECT  ctg_id, category_name  FROM  category        []
[SQL_LOG:2023-01-19 16:14:41]:  SELECT  item_id, item_name, price,image, ctg_id  FROM  item        []
[SQL_LOG:2023-01-19 16:14:43]:  SELECT  customer_no  FROM  session  WHERE   session_key = ?        [3udpmt7f99qkifm0gg2ci0ov9m]
[SQL_LOG:2023-01-19 16:14:43]:  SELECT  ctg_id, category_name  FROM  category        []
[SQL_LOG:2023-01-19 16:14:43]:  SELECT  item_id, item_name, detail, price, image, ctg_id  FROM  item  WHERE    item_id = ?        [1]
[SQL_LOG:2023-01-19 16:14:45]:  SELECT  customer_no  FROM  session  WHERE   session_key = ?        [3udpmt7f99qkifm0gg2ci0ov9m]
[SQL_LOG:2023-01-19 16:14:45]:  INSERT INTO  cart  (customer_no,item_id) VALUES (?,?)  [1,1]
[SQL_LOG:2023-01-19 16:14:45]:  SELECT  c.crt_id, i.item_id, i.item_name, i.price,i.image  FROM  cart c LEFT JOIN item i ON c.item_id = i.item_id   WHERE   c.customer_no = ? AND c.delete_flg = ?        [1,0]
[SQL_LOG:2023-01-19 16:14:45]:  SELECT  SUM( i.price ) AS totalPrice  FROM  cart c  LEFT JOIN item i  ON c.item_id = i.item_id  WHERE   c.customer_no  = ? AND c.delete_flg = ?       [1,0]
[SQL_LOG:2023-01-19 16:14:45]:  SELECT  SUM( num ) AS num  FROM  cart c  WHERE   c.customer_no  = ? AND c.delete_flg = ?       [1,0]
[SQL_LOG:2023-01-19 16:14:48]:  SELECT  customer_no  FROM  session  WHERE   session_key = ?        [3udpmt7f99qkifm0gg2ci0ov9m]
[SQL_LOG:2023-01-19 16:14:48]:  UPDATE  cart  SET  WHERE Array []
[SQL_LOG:2023-01-19 16:14:50]:  SELECT  customer_no  FROM  session  WHERE   session_key = ?        [3udpmt7f99qkifm0gg2ci0ov9m]
[SQL_LOG:2023-01-19 16:14:50]:  INSERT INTO  cart  (customer_no,item_id) VALUES (?,?)  [1,1]
[SQL_LOG:2023-01-19 16:14:50]:  SELECT  c.crt_id, i.item_id, i.item_name, i.price,i.image  FROM  cart c LEFT JOIN item i ON c.item_id = i.item_id   WHERE   c.customer_no = ? AND c.delete_flg = ?        [1,0]
[SQL_LOG:2023-01-19 16:14:50]:  SELECT  SUM( i.price ) AS totalPrice  FROM  cart c  LEFT JOIN item i  ON c.item_id = i.item_id  WHERE   c.customer_no  = ? AND c.delete_flg = ?       [1,0]
[SQL_LOG:2023-01-19 16:14:50]:  SELECT  SUM( num ) AS num  FROM  cart c  WHERE   c.customer_no  = ? AND c.delete_flg = ?       [1,0]
[SQL_LOG:2023-01-19 16:14:55]:  SELECT  customer_no  FROM  session  WHERE   session_key = ?        [3udpmt7f99qkifm0gg2ci0ov9m]
[SQL_LOG:2023-01-19 16:14:55]:  SELECT  ctg_id, category_name  FROM  category        []
[SQL_LOG:2023-01-19 16:14:55]:  SELECT  item_id, item_name, price,image, ctg_id  FROM  item        []
[SQL_LOG:2023-01-19 16:26:39]:  SELECT  customer_no  FROM  session  WHERE   session_key = ?        [3udpmt7f99qkifm0gg2ci0ov9m]
[SQL_LOG:2023-01-19 16:26:39]:  SELECT  ctg_id, category_name  FROM  category        []
[SQL_LOG:2023-01-19 16:26:39]:  SELECT  item_id, item_name, detail, price, image, ctg_id  FROM  item  WHERE    item_id = ?        [1]
[SQL_LOG:2023-01-19 16:26:41]:  SELECT  customer_no  FROM  session  WHERE   session_key = ?        [3udpmt7f99qkifm0gg2ci0ov9m]
[SQL_LOG:2023-01-19 16:26:41]:  INSERT INTO  cart  (customer_no,item_id) VALUES (?,?)  [1,1]
[SQL_LOG:2023-01-19 16:26:41]:  SELECT  c.crt_id, i.item_id, i.item_name, i.price,i.image  FROM  cart c LEFT JOIN item i ON c.item_id = i.item_id   WHERE   c.customer_no = ? AND c.delete_flg = ?        [1,0]
[SQL_LOG:2023-01-19 16:26:41]:  SELECT  SUM( i.price ) AS totalPrice  FROM  cart c  LEFT JOIN item i  ON c.item_id = i.item_id  WHERE   c.customer_no  = ? AND c.delete_flg = ?       [1,0]
[SQL_LOG:2023-01-19 16:26:41]:  SELECT  SUM( num ) AS num  FROM  cart c  WHERE   c.customer_no  = ? AND c.delete_flg = ?       [1,0]
[SQL_LOG:2023-01-19 16:26:43]:  SELECT  customer_no  FROM  session  WHERE   session_key = ?        [3udpmt7f99qkifm0gg2ci0ov9m]
[SQL_LOG:2023-01-19 16:26:43]:  UPDATE  cart  SET  WHERE Array []
[SQL_LOG:2023-01-19 16:38:07]:  SELECT  customer_no  FROM  session  WHERE   session_key = ?        [3udpmt7f99qkifm0gg2ci0ov9m]
[SQL_LOG:2023-01-19 16:38:07]:  UPDATE  cart  SET delete_flg =?  WHERE  crt_id = ?  [1,2]
[SQL_LOG:2023-01-19 16:38:07]:  SELECT  c.crt_id, i.item_id, i.item_name, i.price,i.image  FROM  cart c LEFT JOIN item i ON c.item_id = i.item_id   WHERE   c.customer_no = ? AND c.delete_flg = ?        [1,0]
[SQL_LOG:2023-01-19 16:38:07]:  SELECT  SUM( i.price ) AS totalPrice  FROM  cart c  LEFT JOIN item i  ON c.item_id = i.item_id  WHERE   c.customer_no  = ? AND c.delete_flg = ?       [1,0]
[SQL_LOG:2023-01-19 16:38:07]:  SELECT  SUM( num ) AS num  FROM  cart c  WHERE   c.customer_no  = ? AND c.delete_flg = ?       [1,0]
[SQL_LOG:2023-01-19 16:38:11]:  SELECT  customer_no  FROM  session  WHERE   session_key = ?        [3udpmt7f99qkifm0gg2ci0ov9m]
[SQL_LOG:2023-01-19 16:38:11]:  UPDATE  cart  SET delete_flg =?  WHERE  crt_id = ?  [1,1]
[SQL_LOG:2023-01-19 16:38:11]:  SELECT  c.crt_id, i.item_id, i.item_name, i.price,i.image  FROM  cart c LEFT JOIN item i ON c.item_id = i.item_id   WHERE   c.customer_no = ? AND c.delete_flg = ?        [1,0]
[SQL_LOG:2023-01-19 16:38:11]:  SELECT  SUM( i.price ) AS totalPrice  FROM  cart c  LEFT JOIN item i  ON c.item_id = i.item_id  WHERE   c.customer_no  = ? AND c.delete_flg = ?       [1,0]
[SQL_LOG:2023-01-19 16:38:11]:  SELECT  SUM( num ) AS num  FROM  cart c  WHERE   c.customer_no  = ? AND c.delete_flg = ?       [1,0]
[SQL_LOG:2023-01-19 16:38:15]:  SELECT  customer_no  FROM  session  WHERE   session_key = ?        [3udpmt7f99qkifm0gg2ci0ov9m]
[SQL_LOG:2023-01-19 16:38:15]:  SELECT  ctg_id, category_name  FROM  category        []
[SQL_LOG:2023-01-19 16:38:15]:  SELECT  item_id, item_name, price,image, ctg_id  FROM  item        []
[SQL_LOG:2023-01-19 16:38:17]:  SELECT  customer_no  FROM  session  WHERE   session_key = ?        [3udpmt7f99qkifm0gg2ci0ov9m]
[SQL_LOG:2023-01-19 16:38:17]:  SELECT  ctg_id, category_name  FROM  category        []
[SQL_LOG:2023-01-19 16:38:17]:  SELECT  item_id, item_name, detail, price, image, ctg_id  FROM  item  WHERE    item_id = ?        [2]
[SQL_LOG:2023-01-19 16:38:18]:  SELECT  customer_no  FROM  session  WHERE   session_key = ?        [3udpmt7f99qkifm0gg2ci0ov9m]
[SQL_LOG:2023-01-19 16:38:18]:  INSERT INTO  cart  (customer_no,item_id) VALUES (?,?)  [1,2]
[SQL_LOG:2023-01-19 16:38:18]:  SELECT  c.crt_id, i.item_id, i.item_name, i.price,i.image  FROM  cart c LEFT JOIN item i ON c.item_id = i.item_id   WHERE   c.customer_no = ? AND c.delete_flg = ?        [1,0]
[SQL_LOG:2023-01-19 16:38:18]:  SELECT  SUM( i.price ) AS totalPrice  FROM  cart c  LEFT JOIN item i  ON c.item_id = i.item_id  WHERE   c.customer_no  = ? AND c.delete_flg = ?       [1,0]
[SQL_LOG:2023-01-19 16:38:18]:  SELECT  SUM( num ) AS num  FROM  cart c  WHERE   c.customer_no  = ? AND c.delete_flg = ?       [1,0]
[SQL_LOG:2023-01-19 16:38:21]:  SELECT  customer_no  FROM  session  WHERE   session_key = ?        [3udpmt7f99qkifm0gg2ci0ov9m]
[SQL_LOG:2023-01-19 16:38:21]:  UPDATE  cart  SET delete_flg =?  WHERE  crt_id = ?  [1,4]
[SQL_LOG:2023-01-19 16:38:21]:  SELECT  c.crt_id, i.item_id, i.item_name, i.price,i.image  FROM  cart c LEFT JOIN item i ON c.item_id = i.item_id   WHERE   c.customer_no = ? AND c.delete_flg = ?        [1,0]
[SQL_LOG:2023-01-19 16:38:21]:  SELECT  SUM( i.price ) AS totalPrice  FROM  cart c  LEFT JOIN item i  ON c.item_id = i.item_id  WHERE   c.customer_no  = ? AND c.delete_flg = ?       [1,0]
[SQL_LOG:2023-01-19 16:38:21]:  SELECT  SUM( num ) AS num  FROM  cart c  WHERE   c.customer_no  = ? AND c.delete_flg = ?       [1,0]
[SQL_LOG:2023-01-19 16:38:25]:  SELECT  customer_no  FROM  session  WHERE   session_key = ?        [3udpmt7f99qkifm0gg2ci0ov9m]
[SQL_LOG:2023-01-19 16:38:25]:  SELECT  ctg_id, category_name  FROM  category        []
[SQL_LOG:2023-01-19 16:38:25]:  SELECT  item_id, item_name, price,image, ctg_id  FROM  item        []
[SQL_LOG:2023-01-19 17:10:00]:  SELECT  customer_no  FROM  session  WHERE   session_key = ?        [3udpmt7f99qkifm0gg2ci0ov9m]
[SQL_LOG:2023-01-19 17:10:00]:  SELECT  ctg_id, category_name  FROM  category        []
[SQL_LOG:2023-01-19 17:10:00]:  SELECT  item_id, item_name, price,image, ctg_id  FROM  item  WHERE    ctg_id = ?        [1]
[SQL_LOG:2023-01-19 17:10:03]:  SELECT  customer_no  FROM  session  WHERE   session_key = ?        [3udpmt7f99qkifm0gg2ci0ov9m]
[SQL_LOG:2023-01-19 17:10:03]:  SELECT  ctg_id, category_name  FROM  category        []
[SQL_LOG:2023-01-19 17:10:03]:  SELECT  item_id, item_name, price,image, ctg_id  FROM  item  WHERE    ctg_id = ?        [2]
[SQL_LOG:2023-01-19 17:10:04]:  SELECT  customer_no  FROM  session  WHERE   session_key = ?        [3udpmt7f99qkifm0gg2ci0ov9m]
[SQL_LOG:2023-01-19 17:10:04]:  SELECT  ctg_id, category_name  FROM  category        []
[SQL_LOG:2023-01-19 17:10:04]:  SELECT  item_id, item_name, price,image, ctg_id  FROM  item  WHERE    ctg_id = ?        [3]
[SQL_LOG:2023-01-19 17:10:06]:  SELECT  customer_no  FROM  session  WHERE   session_key = ?        [3udpmt7f99qkifm0gg2ci0ov9m]
[SQL_LOG:2023-01-19 17:10:06]:  SELECT  ctg_id, category_name  FROM  category        []
[SQL_LOG:2023-01-19 17:10:06]:  SELECT  item_id, item_name, price,image, ctg_id  FROM  item        []
[SQL_LOG:2023-01-19 17:10:26]:  SELECT  customer_no  FROM  session  WHERE   session_key = ?        [3udpmt7f99qkifm0gg2ci0ov9m]
[SQL_LOG:2023-01-19 17:10:26]:  SELECT  ctg_id, category_name  FROM  category        []
[SQL_LOG:2023-01-19 17:10:26]:  SELECT  item_id, item_name, detail, price, image, ctg_id  FROM  item  WHERE    item_id = ?        [1]
[SQL_LOG:2023-01-19 17:10:27]:  SELECT  customer_no  FROM  session  WHERE   session_key = ?        [3udpmt7f99qkifm0gg2ci0ov9m]
[SQL_LOG:2023-01-19 17:10:27]:  SELECT  ctg_id, category_name  FROM  category        []
[SQL_LOG:2023-01-19 17:10:27]:  SELECT  item_id, item_name, price,image, ctg_id  FROM  item        []
[SQL_LOG:2023-01-19 17:10:29]:  SELECT  customer_no  FROM  session  WHERE   session_key = ?        [3udpmt7f99qkifm0gg2ci0ov9m]
[SQL_LOG:2023-01-19 17:10:29]:  SELECT  ctg_id, category_name  FROM  category        []
[SQL_LOG:2023-01-19 17:10:29]:  SELECT  item_id, item_name, detail, price, image, ctg_id  FROM  item  WHERE    item_id = ?        [2]
[SQL_LOG:2023-01-19 17:10:37]:  SELECT  customer_no  FROM  session  WHERE   session_key = ?        [3udpmt7f99qkifm0gg2ci0ov9m]
[SQL_LOG:2023-01-19 17:10:37]:  INSERT INTO  cart  (customer_no,item_id) VALUES (?,?)  [1,2]
[SQL_LOG:2023-01-19 17:10:37]:  SELECT  c.crt_id, i.item_id, i.item_name, i.price,i.image  FROM  cart c LEFT JOIN item i ON c.item_id = i.item_id   WHERE   c.customer_no = ? AND c.delete_flg = ?        [1,0]
[SQL_LOG:2023-01-19 17:10:37]:  SELECT  SUM( i.price ) AS totalPrice  FROM  cart c  LEFT JOIN item i  ON c.item_id = i.item_id  WHERE   c.customer_no  = ? AND c.delete_flg = ?       [1,0]
[SQL_LOG:2023-01-19 17:10:37]:  SELECT  SUM( num ) AS num  FROM  cart c  WHERE   c.customer_no  = ? AND c.delete_flg = ?       [1,0]
[SQL_LOG:2023-01-19 17:10:44]:  SELECT  customer_no  FROM  session  WHERE   session_key = ?        [3udpmt7f99qkifm0gg2ci0ov9m]
[SQL_LOG:2023-01-19 17:10:44]:  UPDATE  cart  SET delete_flg =?  WHERE  crt_id = ?  [1,5]
[SQL_LOG:2023-01-19 17:10:44]:  SELECT  c.crt_id, i.item_id, i.item_name, i.price,i.image  FROM  cart c LEFT JOIN item i ON c.item_id = i.item_id   WHERE   c.customer_no = ? AND c.delete_flg = ?        [1,0]
[SQL_LOG:2023-01-19 17:10:44]:  SELECT  SUM( i.price ) AS totalPrice  FROM  cart c  LEFT JOIN item i  ON c.item_id = i.item_id  WHERE   c.customer_no  = ? AND c.delete_flg = ?       [1,0]
[SQL_LOG:2023-01-19 17:10:44]:  SELECT  SUM( num ) AS num  FROM  cart c  WHERE   c.customer_no  = ? AND c.delete_flg = ?       [1,0]
[SQL_LOG:2023-01-19 17:10:46]:  SELECT  customer_no  FROM  session  WHERE   session_key = ?        [3udpmt7f99qkifm0gg2ci0ov9m]
[SQL_LOG:2023-01-19 17:10:46]:  UPDATE  cart  SET delete_flg =?  WHERE  crt_id = ?  [1,3]
[SQL_LOG:2023-01-19 17:10:46]:  SELECT  c.crt_id, i.item_id, i.item_name, i.price,i.image  FROM  cart c LEFT JOIN item i ON c.item_id = i.item_id   WHERE   c.customer_no = ? AND c.delete_flg = ?        [1,0]
[SQL_LOG:2023-01-19 17:10:46]:  SELECT  SUM( i.price ) AS totalPrice  FROM  cart c  LEFT JOIN item i  ON c.item_id = i.item_id  WHERE   c.customer_no  = ? AND c.delete_flg = ?       [1,0]
[SQL_LOG:2023-01-19 17:10:46]:  SELECT  SUM( num ) AS num  FROM  cart c  WHERE   c.customer_no  = ? AND c.delete_flg = ?       [1,0]
[SQL_LOG:2023-01-19 17:10:49]:  SELECT  customer_no  FROM  session  WHERE   session_key = ?        [3udpmt7f99qkifm0gg2ci0ov9m]
[SQL_LOG:2023-01-19 17:10:49]:  SELECT  ctg_id, category_name  FROM  category        []
[SQL_LOG:2023-01-19 17:10:49]:  SELECT  item_id, item_name, price,image, ctg_id  FROM  item        []
[SQL_LOG:2023-01-19 17:22:40]:  SELECT  customer_no  FROM  session  WHERE   session_key = ?        [3udpmt7f99qkifm0gg2ci0ov9m]
[SQL_LOG:2023-01-19 17:22:40]:  SELECT  ctg_id, category_name  FROM  category        []
[SQL_LOG:2023-01-19 17:22:40]:  SELECT  item_id, item_name, price,image, ctg_id  FROM  item  WHERE    ctg_id = ?        [1]
[SQL_LOG:2023-01-19 17:22:53]:  SELECT  customer_no  FROM  session  WHERE   session_key = ?        [3udpmt7f99qkifm0gg2ci0ov9m]
[SQL_LOG:2023-01-19 17:22:53]:  SELECT  ctg_id, category_name  FROM  category        []
[SQL_LOG:2023-01-19 17:22:53]:  SELECT  item_id, item_name, price,image, ctg_id  FROM  item        []
[SQL_LOG:2023-01-19 17:23:00]:  SELECT  customer_no  FROM  session  WHERE   session_key = ?        [3udpmt7f99qkifm0gg2ci0ov9m]
[SQL_LOG:2023-01-19 17:23:00]:  SELECT  ctg_id, category_name  FROM  category        []
[SQL_LOG:2023-01-19 17:23:00]:  SELECT  item_id, item_name, price,image, ctg_id  FROM  item  WHERE    ctg_id = ?        [1]
[SQL_LOG:2023-01-19 17:23:10]:  SELECT  customer_no  FROM  session  WHERE   session_key = ?        [3udpmt7f99qkifm0gg2ci0ov9m]
[SQL_LOG:2023-01-19 17:23:10]:  SELECT  ctg_id, category_name  FROM  category        []
[SQL_LOG:2023-01-19 17:23:10]:  SELECT  item_id, item_name, price,image, ctg_id  FROM  item  WHERE    ctg_id = ?        [2]
[SQL_LOG:2023-01-19 17:23:13]:  SELECT  customer_no  FROM  session  WHERE   session_key = ?        [3udpmt7f99qkifm0gg2ci0ov9m]
[SQL_LOG:2023-01-19 17:23:13]:  SELECT  ctg_id, category_name  FROM  category        []
[SQL_LOG:2023-01-19 17:23:13]:  SELECT  item_id, item_name, price,image, ctg_id  FROM  item  WHERE    ctg_id = ?        [3]
[SQL_LOG:2023-01-19 17:24:08]:  SELECT  customer_no  FROM  session  WHERE   session_key = ?        [3udpmt7f99qkifm0gg2ci0ov9m]
[SQL_LOG:2023-01-19 17:24:08]:  SELECT  ctg_id, category_name  FROM  category        []
[SQL_LOG:2023-01-19 17:24:08]:  SELECT  item_id, item_name, price,image, ctg_id  FROM  item        []
[SQL_LOG:2023-01-19 17:25:35]:  SELECT  customer_no  FROM  session  WHERE   session_key = ?        [3udpmt7f99qkifm0gg2ci0ov9m]
[SQL_LOG:2023-01-19 17:25:35]:  SELECT  ctg_id, category_name  FROM  category        []
[SQL_LOG:2023-01-19 17:25:35]:  SELECT  item_id, item_name, price,image, ctg_id  FROM  item        []
[SQL_LOG:2023-01-19 17:26:12]:  SELECT  customer_no  FROM  session  WHERE   session_key = ?        [3udpmt7f99qkifm0gg2ci0ov9m]
[SQL_LOG:2023-01-19 17:26:12]:  SELECT  ctg_id, category_name  FROM  category        []
[SQL_LOG:2023-01-19 17:26:12]:  SELECT  item_id, item_name, price,image, ctg_id  FROM  item  WHERE    ctg_id = ?        [1]
[SQL_LOG:2023-01-19 17:29:29]:  SELECT  customer_no  FROM  session  WHERE   session_key = ?        [3udpmt7f99qkifm0gg2ci0ov9m]
[SQL_LOG:2023-01-19 17:29:29]:  SELECT  ctg_id, category_name  FROM  category        []
[SQL_LOG:2023-01-19 17:29:29]:  SELECT  item_id, item_name, price,image, ctg_id  FROM  item        []
[SQL_LOG:2023-01-19 17:29:37]:  SELECT  customer_no  FROM  session  WHERE   session_key = ?        [3udpmt7f99qkifm0gg2ci0ov9m]
[SQL_LOG:2023-01-19 17:29:37]:  SELECT  ctg_id, category_name  FROM  category        []
[SQL_LOG:2023-01-19 17:29:37]:  SELECT  item_id, item_name, detail, price, image, ctg_id  FROM  item  WHERE    item_id = ?        [1]
[SQL_LOG:2023-01-19 17:29:38]:  SELECT  customer_no  FROM  session  WHERE   session_key = ?        [3udpmt7f99qkifm0gg2ci0ov9m]
[SQL_LOG:2023-01-19 17:29:38]:  SELECT  ctg_id, category_name  FROM  category        []
[SQL_LOG:2023-01-19 17:29:38]:  SELECT  item_id, item_name, price,image, ctg_id  FROM  item        []
[SQL_LOG:2023-01-19 17:29:39]:  SELECT  customer_no  FROM  session  WHERE   session_key = ?        [3udpmt7f99qkifm0gg2ci0ov9m]
[SQL_LOG:2023-01-19 17:29:39]:  SELECT  ctg_id, category_name  FROM  category        []
[SQL_LOG:2023-01-19 17:29:39]:  SELECT  item_id, item_name, detail, price, image, ctg_id  FROM  item  WHERE    item_id = ?        [3]
[SQL_LOG:2023-01-19 17:30:11]:  SELECT  customer_no  FROM  session  WHERE   session_key = ?        [3udpmt7f99qkifm0gg2ci0ov9m]
[SQL_LOG:2023-01-19 17:30:11]:  SELECT  ctg_id, category_name  FROM  category        []
[SQL_LOG:2023-01-19 17:30:11]:  SELECT  item_id, item_name, price,image, ctg_id  FROM  item        []
[SQL_LOG:2023-01-19 17:30:13]:  SELECT  customer_no  FROM  session  WHERE   session_key = ?        [3udpmt7f99qkifm0gg2ci0ov9m]
[SQL_LOG:2023-01-19 17:30:13]:  SELECT  ctg_id, category_name  FROM  category        []
[SQL_LOG:2023-01-19 17:30:13]:  SELECT  item_id, item_name, detail, price, image, ctg_id  FROM  item  WHERE    item_id = ?        [1]
[SQL_LOG:2023-01-19 17:31:00]:  SELECT  customer_no  FROM  session  WHERE   session_key = ?        [3udpmt7f99qkifm0gg2ci0ov9m]
[SQL_LOG:2023-01-19 17:31:00]:  SELECT  ctg_id, category_name  FROM  category        []
[SQL_LOG:2023-01-19 17:31:00]:  SELECT  item_id, item_name, detail, price, image, ctg_id  FROM  item        []
[SQL_LOG:2023-01-19 17:31:00]:  SELECT  customer_no  FROM  session  WHERE   session_key = ?        [3udpmt7f99qkifm0gg2ci0ov9m]
[SQL_LOG:2023-01-19 17:31:00]:  SELECT  ctg_id, category_name  FROM  category        []
[SQL_LOG:2023-01-19 17:31:00]:  SELECT  item_id, item_name, price,image, ctg_id  FROM  item        []
[SQL_LOG:2023-01-19 17:31:42]:  SELECT  customer_no  FROM  session  WHERE   session_key = ?        [3udpmt7f99qkifm0gg2ci0ov9m]
[SQL_LOG:2023-01-19 17:31:42]:  SELECT  ctg_id, category_name  FROM  category        []
[SQL_LOG:2023-01-19 17:31:42]:  SELECT  item_id, item_name, detail, price, image, ctg_id  FROM  item  WHERE    item_id = ?        [1]
[SQL_LOG:2023-01-19 17:33:32]:  SELECT  customer_no  FROM  session  WHERE   session_key = ?        [3udpmt7f99qkifm0gg2ci0ov9m]
[SQL_LOG:2023-01-19 17:33:32]:  INSERT INTO  cart  (customer_no,item_id) VALUES (?,?)  [1,1]
[SQL_LOG:2023-01-19 17:33:32]:  SELECT  c.crt_id, i.item_id, i.item_name, i.price,i.image  FROM  cart c LEFT JOIN item i ON c.item_id = i.item_id   WHERE   c.customer_no = ? AND c.delete_flg = ?        [1,0]
[SQL_LOG:2023-01-19 17:33:32]:  SELECT  SUM( i.price ) AS totalPrice  FROM  cart c  LEFT JOIN item i  ON c.item_id = i.item_id  WHERE   c.customer_no  = ? AND c.delete_flg = ?       [1,0]
[SQL_LOG:2023-01-19 17:33:32]:  SELECT  SUM( num ) AS num  FROM  cart c  WHERE   c.customer_no  = ? AND c.delete_flg = ?       [1,0]
[SQL_LOG:2023-01-19 17:33:33]:  SELECT  customer_no  FROM  session  WHERE   session_key = ?        [3udpmt7f99qkifm0gg2ci0ov9m]
[SQL_LOG:2023-01-19 17:33:33]:  SELECT  ctg_id, category_name  FROM  category        []
[SQL_LOG:2023-01-19 17:33:33]:  SELECT  item_id, item_name, detail, price, image, ctg_id  FROM  item  WHERE    item_id = ?        [1]
[SQL_LOG:2023-01-19 17:34:50]:  SELECT  customer_no  FROM  session  WHERE   session_key = ?        [3udpmt7f99qkifm0gg2ci0ov9m]
[SQL_LOG:2023-01-19 17:34:50]:  SELECT  ctg_id, category_name  FROM  category        []
[SQL_LOG:2023-01-19 17:34:50]:  SELECT  item_id, item_name, detail, price, image, ctg_id  FROM  item  WHERE    item_id = ?        [1]
[SQL_LOG:2023-01-19 17:36:45]:  SELECT  customer_no  FROM  session  WHERE   session_key = ?        [3udpmt7f99qkifm0gg2ci0ov9m]
[SQL_LOG:2023-01-19 17:36:45]:  INSERT INTO  cart  (customer_no,item_id) VALUES (?,?)  [1,1]
[SQL_LOG:2023-01-19 17:36:45]:  SELECT  c.crt_id, i.item_id, i.item_name, i.price,i.image  FROM  cart c LEFT JOIN item i ON c.item_id = i.item_id   WHERE   c.customer_no = ? AND c.delete_flg = ?        [1,0]
[SQL_LOG:2023-01-19 17:36:45]:  SELECT  SUM( i.price ) AS totalPrice  FROM  cart c  LEFT JOIN item i  ON c.item_id = i.item_id  WHERE   c.customer_no  = ? AND c.delete_flg = ?       [1,0]
[SQL_LOG:2023-01-19 17:36:45]:  SELECT  SUM( num ) AS num  FROM  cart c  WHERE   c.customer_no  = ? AND c.delete_flg = ?       [1,0]
[SQL_LOG:2023-01-19 17:39:20]:  SELECT  customer_no  FROM  session  WHERE   session_key = ?        [3udpmt7f99qkifm0gg2ci0ov9m]
[SQL_LOG:2023-01-19 17:39:20]:  INSERT INTO  cart  (customer_no,item_id) VALUES (?,?)  [1,1]
[SQL_LOG:2023-01-19 17:39:20]:  SELECT  c.crt_id, i.item_id, i.item_name, i.price,i.image  FROM  cart c LEFT JOIN item i ON c.item_id = i.item_id   WHERE   c.customer_no = ? AND c.delete_flg = ?        [1,0]
[SQL_LOG:2023-01-19 17:39:20]:  SELECT  SUM( i.price ) AS totalPrice  FROM  cart c  LEFT JOIN item i  ON c.item_id = i.item_id  WHERE   c.customer_no  = ? AND c.delete_flg = ?       [1,0]
[SQL_LOG:2023-01-19 17:39:20]:  SELECT  SUM( num ) AS num  FROM  cart c  WHERE   c.customer_no  = ? AND c.delete_flg = ?       [1,0]
[SQL_LOG:2023-01-19 17:40:49]:  SELECT  customer_no  FROM  session  WHERE   session_key = ?        [3udpmt7f99qkifm0gg2ci0ov9m]
[SQL_LOG:2023-01-19 17:40:49]:  UPDATE  cart  SET delete_flg =?  WHERE  crt_id = ?  [1,6]
[SQL_LOG:2023-01-19 17:40:49]:  SELECT  c.crt_id, i.item_id, i.item_name, i.price,i.image  FROM  cart c LEFT JOIN item i ON c.item_id = i.item_id   WHERE   c.customer_no = ? AND c.delete_flg = ?        [1,0]
[SQL_LOG:2023-01-19 17:40:49]:  SELECT  SUM( i.price ) AS totalPrice  FROM  cart c  LEFT JOIN item i  ON c.item_id = i.item_id  WHERE   c.customer_no  = ? AND c.delete_flg = ?       [1,0]
[SQL_LOG:2023-01-19 17:40:49]:  SELECT  SUM( num ) AS num  FROM  cart c  WHERE   c.customer_no  = ? AND c.delete_flg = ?       [1,0]
[SQL_LOG:2023-01-19 17:43:10]:  SELECT  customer_no  FROM  session  WHERE   session_key = ?        [3udpmt7f99qkifm0gg2ci0ov9m]
[SQL_LOG:2023-01-19 17:43:10]:  UPDATE  cart  SET delete_flg =?  WHERE  crt_id = ?  [1,7]
[SQL_LOG:2023-01-19 17:43:10]:  SELECT  c.crt_id, i.item_id, i.item_name, i.price,i.image  FROM  cart c LEFT JOIN item i ON c.item_id = i.item_id   WHERE   c.customer_no = ? AND c.delete_flg = ?        [1,0]
[SQL_LOG:2023-01-19 17:43:10]:  SELECT  SUM( i.price ) AS totalPrice  FROM  cart c  LEFT JOIN item i  ON c.item_id = i.item_id  WHERE   c.customer_no  = ? AND c.delete_flg = ?       [1,0]
[SQL_LOG:2023-01-19 17:43:10]:  SELECT  SUM( num ) AS num  FROM  cart c  WHERE   c.customer_no  = ? AND c.delete_flg = ?       [1,0]
[SQL_LOG:2023-01-19 17:47:08]:  SELECT  customer_no  FROM  session  WHERE   session_key = ?        [3udpmt7f99qkifm0gg2ci0ov9m]
[SQL_LOG:2023-01-19 17:47:08]:  SELECT  ctg_id, category_name  FROM  category        []
[SQL_LOG:2023-01-19 17:47:08]:  SELECT  item_id, item_name, price,image, ctg_id  FROM  item        []
[SQL_LOG:2023-01-19 17:47:10]:  SELECT  customer_no  FROM  session  WHERE   session_key = ?        [3udpmt7f99qkifm0gg2ci0ov9m]
[SQL_LOG:2023-01-19 17:47:10]:  SELECT  ctg_id, category_name  FROM  category        []
[SQL_LOG:2023-01-19 17:47:10]:  SELECT  item_id, item_name, detail, price, image, ctg_id  FROM  item  WHERE    item_id = ?        [1]
[SQL_LOG:2023-01-19 17:47:12]:  SELECT  customer_no  FROM  session  WHERE   session_key = ?        [3udpmt7f99qkifm0gg2ci0ov9m]
[SQL_LOG:2023-01-19 17:47:12]:  INSERT INTO  cart  (customer_no,item_id) VALUES (?,?)  [1,1]
[SQL_LOG:2023-01-19 17:47:12]:  SELECT  c.crt_id, i.item_id, i.item_name, i.price,i.image  FROM  cart c LEFT JOIN item i ON c.item_id = i.item_id   WHERE   c.customer_no = ? AND c.delete_flg = ?        [1,0]
[SQL_LOG:2023-01-19 17:47:12]:  SELECT  SUM( i.price ) AS totalPrice  FROM  cart c  LEFT JOIN item i  ON c.item_id = i.item_id  WHERE   c.customer_no  = ? AND c.delete_flg = ?       [1,0]
[SQL_LOG:2023-01-19 17:47:12]:  SELECT  SUM( num ) AS num  FROM  cart c  WHERE   c.customer_no  = ? AND c.delete_flg = ?       [1,0]
[SQL_LOG:2023-01-20 00:36:13]:  SELECT  customer_no  FROM  session  WHERE   session_key = ?        [3udpmt7f99qkifm0gg2ci0ov9m]
[SQL_LOG:2023-01-20 00:36:13]:  SELECT  c.crt_id, i.item_id, i.item_name, i.price,i.image  FROM  cart c LEFT JOIN item i ON c.item_id = i.item_id   WHERE   c.customer_no = ? AND c.delete_flg = ?        [1,0]
[SQL_LOG:2023-01-20 00:36:13]:  SELECT  SUM( i.price ) AS totalPrice  FROM  cart c  LEFT JOIN item i  ON c.item_id = i.item_id  WHERE   c.customer_no  = ? AND c.delete_flg = ?       [1,0]
[SQL_LOG:2023-01-20 00:36:13]:  SELECT  SUM( num ) AS num  FROM  cart c  WHERE   c.customer_no  = ? AND c.delete_flg = ?       [1,0]
[SQL_LOG:2023-01-27 11:15:47]:  SELECT  customer_no  FROM  session  WHERE   session_key = ?        [3udpmt7f99qkifm0gg2ci0ov9m]
[SQL_LOG:2023-01-27 11:15:47]:  INSERT INTO  session  (session_key ) VALUES (?)  [3udpmt7f99qkifm0gg2ci0ov9m]
[SQL_LOG:2023-01-27 11:28:05]:  SELECT  customer_no  FROM  session  WHERE   session_key = ?        [3udpmt7f99qkifm0gg2ci0ov9m]
[SQL_LOG:2023-01-27 11:28:05]:  INSERT INTO  session  (session_key ) VALUES (?)  [3udpmt7f99qkifm0gg2ci0ov9m]
[SQL_LOG:2023-01-27 11:29:46]:  SELECT  customer_no  FROM  session  WHERE   session_key = ?        [3udpmt7f99qkifm0gg2ci0ov9m]
[SQL_LOG:2023-01-27 11:29:46]:  INSERT INTO  session  (session_key ) VALUES (?)  [3udpmt7f99qkifm0gg2ci0ov9m]
[SQL_LOG:2023-01-27 11:30:34]:  SELECT  customer_no  FROM  session  WHERE   session_key = ?        [3udpmt7f99qkifm0gg2ci0ov9m]
[SQL_LOG:2023-01-27 11:30:34]:  INSERT INTO  session  (session_key ) VALUES (?)  [3udpmt7f99qkifm0gg2ci0ov9m]
[SQL_LOG:2023-01-27 11:30:43]:  SELECT  customer_no  FROM  session  WHERE   session_key = ?        [3udpmt7f99qkifm0gg2ci0ov9m]
[SQL_LOG:2023-01-27 11:30:43]:  INSERT INTO  session  (session_key ) VALUES (?)  [3udpmt7f99qkifm0gg2ci0ov9m]
[SQL_LOG:2023-01-27 11:38:10]:  SELECT  customer_no  FROM  session  WHERE   session_key = ?        [3udpmt7f99qkifm0gg2ci0ov9m]
[SQL_LOG:2023-01-27 11:38:10]:  INSERT INTO  session  (session_key ) VALUES (?)  [3udpmt7f99qkifm0gg2ci0ov9m]
[SQL_LOG:2023-01-27 11:42:40]:  SELECT  customer_no  FROM  session  WHERE   session_key = ?        [3udpmt7f99qkifm0gg2ci0ov9m]
[SQL_LOG:2023-01-27 11:42:40]:  INSERT INTO  session  (session_key ) VALUES (?)  [3udpmt7f99qkifm0gg2ci0ov9m]
[SQL_LOG:2023-01-27 11:43:15]:  SELECT  customer_no  FROM  session  WHERE   session_key = ?        [3udpmt7f99qkifm0gg2ci0ov9m]
[SQL_LOG:2023-01-27 11:43:15]:  INSERT INTO  session  (session_key ) VALUES (?)  [3udpmt7f99qkifm0gg2ci0ov9m]
[SQL_LOG:2023-01-27 12:37:58]:  SELECT  customer_no  FROM  session  WHERE   session_key = ?        [3udpmt7f99qkifm0gg2ci0ov9m]
[SQL_LOG:2023-01-27 12:37:58]:  INSERT INTO  session  (session_key ) VALUES (?)  [3udpmt7f99qkifm0gg2ci0ov9m]
[SQL_LOG:2023-01-27 12:38:16]:  SELECT  customer_no  FROM  session  WHERE   session_key = ?        [3udpmt7f99qkifm0gg2ci0ov9m]
[SQL_LOG:2023-01-27 12:38:16]:  INSERT INTO  session  (session_key ) VALUES (?)  [3udpmt7f99qkifm0gg2ci0ov9m]
[SQL_LOG:2023-01-27 14:28:05]:  SELECT  customer_no  FROM  session  WHERE   session_key = ?        [3udpmt7f99qkifm0gg2ci0ov9m]
[SQL_LOG:2023-01-27 14:28:05]:  INSERT INTO  session  (session_key ) VALUES (?)  [3udpmt7f99qkifm0gg2ci0ov9m]
[SQL_LOG:2023-01-27 15:44:43]:  SELECT  customer_no  FROM  session  WHERE   session_key = ?        [3udpmt7f99qkifm0gg2ci0ov9m]
[SQL_LOG:2023-01-27 15:44:43]:  INSERT INTO  session  (session_key ) VALUES (?)  [3udpmt7f99qkifm0gg2ci0ov9m]
[SQL_LOG:2023-01-27 16:07:28]:  SELECT  customer_no  FROM  session  WHERE   session_key = ?        [3udpmt7f99qkifm0gg2ci0ov9m]
[SQL_LOG:2023-01-27 16:07:28]:  INSERT INTO  session  (session_key ) VALUES (?)  [3udpmt7f99qkifm0gg2ci0ov9m]
[SQL_LOG:2023-01-27 16:20:38]:  SELECT  customer_no  FROM  session  WHERE   session_key = ?        [3udpmt7f99qkifm0gg2ci0ov9m]
[SQL_LOG:2023-01-27 16:20:38]:  INSERT INTO  session  (session_key ) VALUES (?)  [3udpmt7f99qkifm0gg2ci0ov9m]
[SQL_LOG:2023-01-27 16:20:38]:  SELECT  ctg_id, category_name  FROM  category        []
[SQL_LOG:2023-01-27 16:20:38]:  SELECT  item_id, item_name, price,image, ctg_id  FROM  item        []
[SQL_LOG:2023-01-27 16:35:53]:  SELECT  customer_no  FROM  session  WHERE   session_key = ?        [3udpmt7f99qkifm0gg2ci0ov9m]
[SQL_LOG:2023-01-27 16:35:53]:  SELECT  ctg_id, category_name  FROM  category        []
[SQL_LOG:2023-01-27 16:35:53]:  SELECT  item_id, item_name, price,image, ctg_id  FROM  item        []
[SQL_LOG:2023-01-27 16:37:59]:  SELECT  customer_no  FROM  session  WHERE   session_key = ?        [3udpmt7f99qkifm0gg2ci0ov9m]
[SQL_LOG:2023-01-27 16:37:59]:  SELECT  ctg_id, category_name  FROM  category        []
[SQL_LOG:2023-01-27 16:37:59]:  SELECT  item_id, item_name, price,image, ctg_id  FROM  item        []
[SQL_LOG:2023-01-27 16:38:03]:  SELECT  customer_no  FROM  session  WHERE   session_key = ?        [3udpmt7f99qkifm0gg2ci0ov9m]
[SQL_LOG:2023-01-27 16:38:03]:  SELECT  ctg_id, category_name  FROM  category        []
[SQL_LOG:2023-01-27 16:38:03]:  SELECT  item_id, item_name, price,image, ctg_id  FROM  item        []
[SQL_LOG:2023-01-27 16:38:43]:  SELECT  customer_no  FROM  session  WHERE   session_key = ?        [3udpmt7f99qkifm0gg2ci0ov9m]
[SQL_LOG:2023-01-27 16:38:43]:  SELECT  ctg_id, category_name  FROM  category        []
[SQL_LOG:2023-01-27 16:38:43]:  SELECT  item_id, item_name, price,image, ctg_id  FROM  item        []
[SQL_LOG:2023-01-27 16:38:45]:  SELECT  customer_no  FROM  session  WHERE   session_key = ?        [3udpmt7f99qkifm0gg2ci0ov9m]
[SQL_LOG:2023-01-27 16:38:45]:  SELECT  ctg_id, category_name  FROM  category        []
[SQL_LOG:2023-01-27 16:38:45]:  SELECT  item_id, item_name, price,image, ctg_id  FROM  item        []
[SQL_LOG:2023-01-27 16:38:45]:  SELECT  customer_no  FROM  session  WHERE   session_key = ?        [3udpmt7f99qkifm0gg2ci0ov9m]
[SQL_LOG:2023-01-27 16:38:45]:  SELECT  ctg_id, category_name  FROM  category        []
[SQL_LOG:2023-01-27 16:38:45]:  SELECT  item_id, item_name, price,image, ctg_id  FROM  item        []
[SQL_LOG:2023-01-27 16:38:45]:  SELECT  customer_no  FROM  session  WHERE   session_key = ?        [3udpmt7f99qkifm0gg2ci0ov9m]
[SQL_LOG:2023-01-27 16:38:45]:  SELECT  ctg_id, category_name  FROM  category        []
[SQL_LOG:2023-01-27 16:38:45]:  SELECT  item_id, item_name, price,image, ctg_id  FROM  item        []
[SQL_LOG:2023-01-27 16:38:48]:  SELECT  customer_no  FROM  session  WHERE   session_key = ?        [3udpmt7f99qkifm0gg2ci0ov9m]
[SQL_LOG:2023-01-27 16:38:48]:  SELECT  ctg_id, category_name  FROM  category        []
[SQL_LOG:2023-01-27 16:38:48]:  SELECT  item_id, item_name, price,image, ctg_id  FROM  item        []
[SQL_LOG:2023-01-27 16:40:54]:  SELECT  customer_no  FROM  session  WHERE   session_key = ?        [3udpmt7f99qkifm0gg2ci0ov9m]
[SQL_LOG:2023-01-27 16:40:54]:  SELECT  ctg_id, category_name  FROM  category        []
[SQL_LOG:2023-01-27 16:40:54]:  SELECT  item_id, item_name, price,image, ctg_id  FROM  item        []
[SQL_LOG:2023-01-27 16:42:00]:  SELECT  customer_no  FROM  session  WHERE   session_key = ?        [3udpmt7f99qkifm0gg2ci0ov9m]
[SQL_LOG:2023-01-27 16:42:00]:  SELECT  ctg_id, category_name  FROM  category        []
[SQL_LOG:2023-01-27 16:42:00]:  SELECT  item_id, item_name, price,image, ctg_id  FROM  item        []
[SQL_LOG:2023-01-27 17:04:35]:  SELECT  ctg_id, category_name  FROM  category        []
[SQL_LOG:2023-02-01 13:53:08]:  SELECT  customer_no  FROM  session  WHERE   session_key = ?        [3udpmt7f99qkifm0gg2ci0ov9m]
[SQL_LOG:2023-02-01 13:53:08]:  SELECT  ctg_id, category_name  FROM  category        []
[SQL_LOG:2023-02-01 13:53:08]:  SELECT  item_id, item_name, price,image, ctg_id  FROM  item        []
[SQL_LOG:2023-02-02 01:40:53]:  SELECT  customer_no  FROM  session  WHERE   session_key = ?        [3udpmt7f99qkifm0gg2ci0ov9m]
[SQL_LOG:2023-02-02 01:40:53]:  SELECT  ctg_id, category_name  FROM  category        []
[SQL_LOG:2023-02-02 01:40:53]:  SELECT  item_id, item_name, price,image, ctg_id  FROM  item        []
[SQL_LOG:2023-02-02 01:40:56]:  SELECT  customer_no  FROM  session  WHERE   session_key = ?        [3udpmt7f99qkifm0gg2ci0ov9m]
[SQL_LOG:2023-02-02 01:40:56]:  SELECT  ctg_id, category_name  FROM  category        []
[SQL_LOG:2023-02-02 01:40:56]:  SELECT  item_id, item_name, price,image, ctg_id  FROM  item        []
[SQL_LOG:2023-02-02 01:40:58]:  SELECT  customer_no  FROM  session  WHERE   session_key = ?        [3udpmt7f99qkifm0gg2ci0ov9m]
[SQL_LOG:2023-02-02 01:40:58]:  SELECT  ctg_id, category_name  FROM  category        []
[SQL_LOG:2023-02-02 01:40:58]:  SELECT  item_id, item_name, price,image, ctg_id  FROM  item  WHERE    ctg_id = ?        [1]
[SQL_LOG:2023-02-02 01:41:00]:  SELECT  customer_no  FROM  session  WHERE   session_key = ?        [3udpmt7f99qkifm0gg2ci0ov9m]
[SQL_LOG:2023-02-02 01:41:00]:  SELECT  ctg_id, category_name  FROM  category        []
[SQL_LOG:2023-02-02 01:41:00]:  SELECT  item_id, item_name, price,image, ctg_id  FROM  item  WHERE    ctg_id = ?        [2]
[SQL_LOG:2023-02-02 01:41:00]:  SELECT  customer_no  FROM  session  WHERE   session_key = ?        [3udpmt7f99qkifm0gg2ci0ov9m]
[SQL_LOG:2023-02-02 01:41:00]:  SELECT  ctg_id, category_name  FROM  category        []
[SQL_LOG:2023-02-02 01:41:00]:  SELECT  item_id, item_name, price,image, ctg_id  FROM  item  WHERE    ctg_id = ?        [3]
[SQL_LOG:2023-02-02 01:41:02]:  SELECT  customer_no  FROM  session  WHERE   session_key = ?        [3udpmt7f99qkifm0gg2ci0ov9m]
[SQL_LOG:2023-02-02 01:41:02]:  SELECT  ctg_id, category_name  FROM  category        []
[SQL_LOG:2023-02-02 01:41:02]:  SELECT  item_id, item_name, price,image, ctg_id  FROM  item        []
[SQL_LOG:2023-02-02 01:41:04]:  SELECT  customer_no  FROM  session  WHERE   session_key = ?        [3udpmt7f99qkifm0gg2ci0ov9m]
[SQL_LOG:2023-02-02 01:41:04]:  SELECT  ctg_id, category_name  FROM  category        []
[SQL_LOG:2023-02-02 01:41:04]:  SELECT  item_id, item_name, detail, price, image, ctg_id  FROM  item  WHERE    item_id = ?        [1]
[SQL_LOG:2023-02-02 01:41:06]:  SELECT  customer_no  FROM  session  WHERE   session_key = ?        [3udpmt7f99qkifm0gg2ci0ov9m]
[SQL_LOG:2023-02-02 01:41:06]:  SELECT  ctg_id, category_name  FROM  category        []
[SQL_LOG:2023-02-02 01:41:06]:  SELECT  item_id, item_name, price,image, ctg_id  FROM  item        []
[SQL_LOG:2023-02-02 01:41:08]:  SELECT  customer_no  FROM  session  WHERE   session_key = ?        [3udpmt7f99qkifm0gg2ci0ov9m]
[SQL_LOG:2023-02-02 01:41:08]:  SELECT  ctg_id, category_name  FROM  category        []
[SQL_LOG:2023-02-02 01:41:08]:  SELECT  item_id, item_name, detail, price, image, ctg_id  FROM  item  WHERE    item_id = ?        [1]
[SQL_LOG:2023-02-02 01:41:09]:  SELECT  customer_no  FROM  session  WHERE   session_key = ?        [3udpmt7f99qkifm0gg2ci0ov9m]
[SQL_LOG:2023-02-02 01:41:09]:  INSERT INTO  cart  (customer_no,item_id) VALUES (?,?)  [1,1]
[SQL_LOG:2023-02-02 01:41:09]:  SELECT  c.crt_id, i.item_id, i.item_name, i.price,i.image  FROM  cart c LEFT JOIN item i ON c.item_id = i.item_id   WHERE   c.customer_no = ? AND c.delete_flg = ?        [1,0]
[SQL_LOG:2023-02-02 01:41:09]:  SELECT  SUM( i.price ) AS totalPrice  FROM  cart c  LEFT JOIN item i  ON c.item_id = i.item_id  WHERE   c.customer_no  = ? AND c.delete_flg = ?       [1,0]
[SQL_LOG:2023-02-02 01:41:09]:  SELECT  SUM( num ) AS num  FROM  cart c  WHERE   c.customer_no  = ? AND c.delete_flg = ?       [1,0]
[SQL_LOG:2023-02-02 01:41:12]:  SELECT  customer_no  FROM  session  WHERE   session_key = ?        [3udpmt7f99qkifm0gg2ci0ov9m]
[SQL_LOG:2023-02-02 01:41:12]:  UPDATE  cart  SET delete_flg =?  WHERE  crt_id = ?  [1,1]
[SQL_LOG:2023-02-02 01:41:12]:  SELECT  c.crt_id, i.item_id, i.item_name, i.price,i.image  FROM  cart c LEFT JOIN item i ON c.item_id = i.item_id   WHERE   c.customer_no = ? AND c.delete_flg = ?        [1,0]
[SQL_LOG:2023-02-02 01:41:12]:  SELECT  SUM( i.price ) AS totalPrice  FROM  cart c  LEFT JOIN item i  ON c.item_id = i.item_id  WHERE   c.customer_no  = ? AND c.delete_flg = ?       [1,0]
[SQL_LOG:2023-02-02 01:41:12]:  SELECT  SUM( num ) AS num  FROM  cart c  WHERE   c.customer_no  = ? AND c.delete_flg = ?       [1,0]
[SQL_LOG:2023-02-02 01:41:14]:  SELECT  customer_no  FROM  session  WHERE   session_key = ?        [3udpmt7f99qkifm0gg2ci0ov9m]
[SQL_LOG:2023-02-02 01:41:14]:  SELECT  ctg_id, category_name  FROM  category        []
[SQL_LOG:2023-02-02 01:41:14]:  SELECT  item_id, item_name, price,image, ctg_id  FROM  item        []
[SQL_LOG:2023-02-02 01:47:33]:  SELECT  customer_no  FROM  session  WHERE   session_key = ?        [3udpmt7f99qkifm0gg2ci0ov9m]
[SQL_LOG:2023-02-02 01:47:33]:  SELECT  ctg_id, category_name  FROM  category        []
[SQL_LOG:2023-02-02 01:47:33]:  SELECT  item_id, item_name, price,image, ctg_id  FROM  item        []
[SQL_LOG:2023-02-02 02:41:01]:  SELECT  customer_no  FROM  session  WHERE   session_key = ?        [3udpmt7f99qkifm0gg2ci0ov9m]
[SQL_LOG:2023-02-02 02:46:44]:  SELECT  id  FROM  users  WHERE   session_key = ?        [3udpmt7f99qkifm0gg2ci0ov9m]
[SQL_LOG:2023-02-02 02:46:44]:  INSERT INTO  users  (session_key ) VALUES (?)  [3udpmt7f99qkifm0gg2ci0ov9m]
[SQL_LOG:2023-02-02 02:47:35]:  SELECT  id  FROM  users  WHERE   session_key = ?        [3udpmt7f99qkifm0gg2ci0ov9m]
[SQL_LOG:2023-02-02 02:47:35]:  INSERT INTO  users  (session_key ) VALUES (?)  [3udpmt7f99qkifm0gg2ci0ov9m]
[SQL_LOG:2023-02-02 03:02:25]:  SELECT  id  FROM  users  WHERE   session_key = ?        [3udpmt7f99qkifm0gg2ci0ov9m]
[SQL_LOG:2023-02-02 03:02:25]:  INSERT INTO  users  (session_key ) VALUES (?)  [3udpmt7f99qkifm0gg2ci0ov9m]
[SQL_LOG:2023-02-03 11:28:16]:  SELECT  id  FROM  users  WHERE   session_key = ?        [3udpmt7f99qkifm0gg2ci0ov9m]
[SQL_LOG:2023-02-03 11:28:16]:  INSERT INTO  users  (session_key ) VALUES (?)  [3udpmt7f99qkifm0gg2ci0ov9m]
[SQL_LOG:2023-02-03 11:28:31]:  SELECT  id  FROM  users  WHERE   session_key = ?        [3udpmt7f99qkifm0gg2ci0ov9m]
[SQL_LOG:2023-02-03 11:28:31]:  INSERT INTO  users  (session_key ) VALUES (?)  [3udpmt7f99qkifm0gg2ci0ov9m]
[SQL_LOG:2023-02-03 11:28:31]:  SELECT  ctg_id, category_name  FROM  category        []
[SQL_LOG:2023-02-03 11:31:43]:  SELECT  id  FROM  users  WHERE   session_key = ?        [3udpmt7f99qkifm0gg2ci0ov9m]
[SQL_LOG:2023-02-03 11:31:43]:  SELECT  ctg_id, category_name  FROM  category        []
[SQL_LOG:2023-02-03 11:31:43]:  SELECT  item_id, item_name, price,image, ctg_id  FROM  item        []
[SQL_LOG:2023-02-03 11:34:30]:  SELECT  id  FROM  users  WHERE   session_key = ?        [3udpmt7f99qkifm0gg2ci0ov9m]
[SQL_LOG:2023-02-03 11:34:30]:  SELECT  ctg_id, category_name  FROM  category        []
[SQL_LOG:2023-02-03 11:34:30]:  SELECT  item_id, item_name, price,image, ctg_id  FROM  item        []
[SQL_LOG:2023-02-03 11:35:28]:  SELECT  id  FROM  users  WHERE   session_key = ?        [3udpmt7f99qkifm0gg2ci0ov9m]
[SQL_LOG:2023-02-03 11:35:28]:  SELECT  ctg_id, category_name  FROM  category        []
[SQL_LOG:2023-02-03 11:35:28]:  SELECT  item_id, item_name, price,image, ctg_id  FROM  item        []
[SQL_LOG:2023-02-03 11:50:13]:  SELECT  customer_no  FROM  session  WHERE   session_key = ?        [3udpmt7f99qkifm0gg2ci0ov9m]
[SQL_LOG:2023-02-03 11:50:13]:  INSERT INTO  session  (session_key ) VALUES (?)  [3udpmt7f99qkifm0gg2ci0ov9m]
[SQL_LOG:2023-02-03 11:50:13]:  SELECT  ctg_id, category_name  FROM  category        []
[SQL_LOG:2023-02-03 11:50:13]:  SELECT  item_id, item_name, price,image, ctg_id  FROM  item        []
[SQL_LOG:2023-02-03 14:53:28]:  SELECT  customer_no  FROM  session  WHERE   session_key = ?        [3udpmt7f99qkifm0gg2ci0ov9m]
[SQL_LOG:2023-02-03 14:53:28]:  SELECT  ctg_id, category_name  FROM  category        []
[SQL_LOG:2023-02-03 14:53:28]:  SELECT  item_id, item_name, price,image, ctg_id  FROM  item        []
[SQL_LOG:2023-02-06 17:47:53]:  SELECT  customer_no  FROM  session  WHERE   session_key = ?        [3udpmt7f99qkifm0gg2ci0ov9m]
[SQL_LOG:2023-02-06 17:47:53]:  SELECT  ctg_id, category_name  FROM  category        []
[SQL_LOG:2023-02-06 17:47:53]:  SELECT  item_id, item_name, price,image, ctg_id  FROM  item        []
[SQL_LOG:2023-02-06 17:49:46]:  SELECT  customer_no  FROM  session  WHERE   session_key = ?        [3udpmt7f99qkifm0gg2ci0ov9m]
[SQL_LOG:2023-02-06 17:49:46]:  SELECT  ctg_id, category_name  FROM  category        []
[SQL_LOG:2023-02-06 17:49:46]:  SELECT  item_id, item_name, price,image, ctg_id  FROM  item        []
[SQL_LOG:2023-02-06 17:56:37]:  SELECT  customer_no  FROM  session  WHERE   session_key = ?        [3udpmt7f99qkifm0gg2ci0ov9m]
[SQL_LOG:2023-02-06 17:56:37]:  SELECT  ctg_id, category_name  FROM  category        []
[SQL_LOG:2023-02-06 17:56:37]:  SELECT  item_id, item_name, price,image, ctg_id  FROM  item        []
[SQL_LOG:2023-02-06 18:01:53]:  SELECT  customer_no  FROM  session  WHERE   session_key = ?        [3udpmt7f99qkifm0gg2ci0ov9m]
[SQL_LOG:2023-02-06 18:01:53]:  SELECT  ctg_id, category_name  FROM  category        []
[SQL_LOG:2023-02-06 18:01:53]:  SELECT  item_id, item_name, price,image, ctg_id  FROM  item        []
[SQL_LOG:2023-02-06 18:07:42]:  SELECT  customer_no  FROM  session  WHERE   session_key = ?        [3udpmt7f99qkifm0gg2ci0ov9m]
[SQL_LOG:2023-02-06 18:07:42]:  SELECT  ctg_id, category_name  FROM  category        []
[SQL_LOG:2023-02-06 18:07:42]:  SELECT  item_id, item_name, price,image, ctg_id  FROM  item        []
[SQL_LOG:2023-02-06 18:09:16]:  SELECT  customer_no  FROM  session  WHERE   session_key = ?        [3udpmt7f99qkifm0gg2ci0ov9m]
[SQL_LOG:2023-02-06 18:09:16]:  SELECT  ctg_id, category_name  FROM  category        []
[SQL_LOG:2023-02-06 18:09:16]:  SELECT  item_id, item_name, price,image, ctg_id  FROM  item        []
[SQL_LOG:2023-02-06 18:10:32]:  SELECT  customer_no  FROM  session  WHERE   session_key = ?        [3udpmt7f99qkifm0gg2ci0ov9m]
[SQL_LOG:2023-02-06 18:12:57]:  SELECT  customer_no  FROM  session  WHERE   session_key = ?        [3udpmt7f99qkifm0gg2ci0ov9m]
[SQL_LOG:2023-02-06 18:13:05]:  SELECT  customer_no  FROM  session  WHERE   session_key = ?        [3udpmt7f99qkifm0gg2ci0ov9m]
[SQL_LOG:2023-02-06 18:13:33]:  SELECT  customer_no  FROM  session  WHERE   session_key = ?        [3udpmt7f99qkifm0gg2ci0ov9m]
[SQL_LOG:2023-02-06 18:13:33]:  SELECT  ctg_id, category_name  FROM  category        []
[SQL_LOG:2023-02-06 18:13:33]:  SELECT  item_id, item_name, price,image, ctg_id  FROM  item        []
[SQL_LOG:2023-02-06 18:13:45]:  SELECT  ctg_id, category_name  FROM  category        []
[SQL_LOG:2023-02-06 18:13:45]:  SELECT  item_id, item_name, price,image, ctg_id  FROM  item        []
[SQL_LOG:2023-02-06 18:13:53]:  SELECT  ctg_id, category_name  FROM  category        []
[SQL_LOG:2023-02-06 18:13:53]:  SELECT  item_id, item_name, price,image, ctg_id  FROM  item        []
[SQL_LOG:2023-02-06 18:14:50]:  SELECT  ctg_id, category_name  FROM  category        []
[SQL_LOG:2023-02-06 18:14:50]:  SELECT  item_id, item_name, price,image, ctg_id  FROM  item        []
[SQL_LOG:2023-02-06 18:18:26]:  SELECT  ctg_id, category_name  FROM  category        []
[SQL_LOG:2023-02-06 18:18:26]:  SELECT  item_id, item_name, price,image, ctg_id  FROM  item        []
[SQL_LOG:2023-02-06 18:21:46]:  SELECT  ctg_id, category_name  FROM  category        []
[SQL_LOG:2023-02-06 18:21:46]:  SELECT  item_id, item_name, price,image, ctg_id  FROM  item        []
[SQL_LOG:2023-02-06 18:48:02]:  SELECT  ctg_id, category_name  FROM  category        []
[SQL_LOG:2023-02-06 18:48:02]:  SELECT  item_id, item_name, price,image, ctg_id  FROM  item        []
[SQL_LOG:2023-02-06 18:50:01]:  SELECT  ctg_id, category_name  FROM  category        []
[SQL_LOG:2023-02-06 18:50:01]:  SELECT  item_id, item_name, price,image, ctg_id  FROM  item        []
[SQL_LOG:2023-02-06 18:50:13]:  SELECT  ctg_id, category_name  FROM  category        []
[SQL_LOG:2023-02-06 18:50:13]:  SELECT  item_id, item_name, price,image, ctg_id  FROM  item  WHERE    ctg_id = ?        [1]
[SQL_LOG:2023-02-06 18:50:17]:  SELECT  ctg_id, category_name  FROM  category        []
[SQL_LOG:2023-02-06 18:50:17]:  SELECT  item_id, item_name, price,image, ctg_id  FROM  item  WHERE    ctg_id = ?        [2]
[SQL_LOG:2023-02-06 18:50:18]:  SELECT  ctg_id, category_name  FROM  category        []
[SQL_LOG:2023-02-06 18:50:18]:  SELECT  item_id, item_name, price,image, ctg_id  FROM  item  WHERE    ctg_id = ?        [3]
[SQL_LOG:2023-02-06 18:50:22]:  SELECT  customer_no  FROM  session  WHERE   session_key = ?        [3udpmt7f99qkifm0gg2ci0ov9m]
[SQL_LOG:2023-02-06 18:50:22]:  SELECT  ctg_id, category_name  FROM  category        []
[SQL_LOG:2023-02-06 18:50:22]:  SELECT  item_id, item_name, detail, price, image, ctg_id  FROM  item  WHERE    item_id = ?        [9]
[SQL_LOG:2023-02-06 18:50:36]:  SELECT  ctg_id, category_name  FROM  category        []
[SQL_LOG:2023-02-06 18:50:36]:  SELECT  item_id, item_name, price,image, ctg_id  FROM  item  WHERE    ctg_id = ?        [3]
[SQL_LOG:2023-02-06 18:50:42]:  SELECT  ctg_id, category_name  FROM  category        []
[SQL_LOG:2023-02-06 18:50:42]:  SELECT  item_id, item_name, price,image, ctg_id  FROM  item        []
[SQL_LOG:2023-02-06 23:31:08]:  SELECT  ctg_id, category_name  FROM  category        []
[SQL_LOG:2023-02-06 23:31:08]:  SELECT  item_id, item_name, price,image, ctg_id  FROM  item        []
[SQL_LOG:2023-02-06 23:34:39]:  SELECT  ctg_id, category_name  FROM  category        []
[SQL_LOG:2023-02-06 23:34:39]:  SELECT  item_id, item_name, price,image, ctg_id  FROM  item        []
[SQL_LOG:2023-02-06 23:34:40]:  SELECT  ctg_id, category_name  FROM  category        []
[SQL_LOG:2023-02-06 23:34:40]:  SELECT  item_id, item_name, price,image, ctg_id  FROM  item        []
[SQL_LOG:2023-02-06 23:34:40]:  SELECT  ctg_id, category_name  FROM  category        []
[SQL_LOG:2023-02-06 23:34:40]:  SELECT  item_id, item_name, price,image, ctg_id  FROM  item        []
[SQL_LOG:2023-02-06 23:34:40]:  SELECT  ctg_id, category_name  FROM  category        []
[SQL_LOG:2023-02-06 23:34:40]:  SELECT  item_id, item_name, price,image, ctg_id  FROM  item        []
[SQL_LOG:2023-02-06 23:35:26]:  SELECT  ctg_id, category_name  FROM  category        []
[SQL_LOG:2023-02-06 23:35:26]:  SELECT  item_id, item_name, price,image, ctg_id  FROM  item        []
[SQL_LOG:2023-02-06 23:36:08]:  SELECT  ctg_id, category_name  FROM  category        []
[SQL_LOG:2023-02-06 23:36:08]:  SELECT  item_id, item_name, price,image, ctg_id  FROM  item        []
[SQL_LOG:2023-02-06 23:39:53]:  SELECT  ctg_id, category_name  FROM  category        []
[SQL_LOG:2023-02-06 23:39:53]:  SELECT  item_id, item_name, price,image, ctg_id  FROM  item        []
[SQL_LOG:2023-02-06 23:40:21]:  SELECT  ctg_id, category_name  FROM  category        []
[SQL_LOG:2023-02-06 23:40:21]:  SELECT  item_id, item_name, price,image, ctg_id  FROM  item        []
[SQL_LOG:2023-02-06 23:40:42]:  SELECT  ctg_id, category_name  FROM  category        []
[SQL_LOG:2023-02-06 23:40:42]:  SELECT  item_id, item_name, price,image, ctg_id  FROM  item        []
[SQL_LOG:2023-02-06 23:40:49]:  SELECT  customer_no  FROM  session  WHERE   session_key = ?        [3udpmt7f99qkifm0gg2ci0ov9m]
[SQL_LOG:2023-02-06 23:40:49]:  SELECT  ctg_id, category_name  FROM  category        []
[SQL_LOG:2023-02-06 23:40:49]:  SELECT  item_id, item_name, detail, price, image, ctg_id  FROM  item  WHERE    item_id = ?        [1]
[SQL_LOG:2023-02-06 23:41:00]:  SELECT  ctg_id, category_name  FROM  category        []
[SQL_LOG:2023-02-06 23:41:00]:  SELECT  item_id, item_name, price,image, ctg_id  FROM  item        []
[SQL_LOG:2023-02-06 23:41:19]:  SELECT  customer_no  FROM  session  WHERE   session_key = ?        [3udpmt7f99qkifm0gg2ci0ov9m]
[SQL_LOG:2023-02-06 23:41:19]:  SELECT  ctg_id, category_name  FROM  category        []
[SQL_LOG:2023-02-06 23:41:19]:  SELECT  item_id, item_name, detail, price, image, ctg_id  FROM  item  WHERE    item_id = ?        [11]
[SQL_LOG:2023-02-06 23:41:47]:  SELECT  ctg_id, category_name  FROM  category        []
[SQL_LOG:2023-02-06 23:41:47]:  SELECT  item_id, item_name, price,image, ctg_id  FROM  item        []
[SQL_LOG:2023-02-06 23:44:53]:  SELECT  ctg_id, category_name  FROM  category        []
[SQL_LOG:2023-02-06 23:44:53]:  SELECT  item_id, item_name, price,image, ctg_id  FROM  item        []
[SQL_LOG:2023-02-06 23:45:22]:  SELECT  ctg_id, category_name  FROM  category        []
[SQL_LOG:2023-02-06 23:45:22]:  SELECT  item_id, item_name, price,image, ctg_id  FROM  item        []
[SQL_LOG:2023-02-06 23:45:31]:  SELECT  ctg_id, category_name  FROM  category        []
[SQL_LOG:2023-02-06 23:45:31]:  SELECT  item_id, item_name, price,image, ctg_id  FROM  item        []
[SQL_LOG:2023-02-07 14:02:27]:  SELECT  ctg_id, category_name  FROM  category        []
[SQL_LOG:2023-02-07 14:02:27]:  SELECT  item_id, item_name, price,image, ctg_id  FROM  item        []
[SQL_LOG:2023-02-07 16:09:51]:  SELECT  ctg_id, category_name  FROM  category        []
[SQL_LOG:2023-02-07 16:09:51]:  SELECT  item_id, item_name, price,image, ctg_id  FROM  item        []
[SQL_LOG:2023-02-07 20:32:56]:  SELECT  ctg_id, category_name  FROM  category        []
[SQL_LOG:2023-02-07 20:33:22]:  SELECT  ctg_id, category_name  FROM  category        []
[SQL_LOG:2023-02-07 20:34:43]:  SELECT  ctg_id, category_name  FROM  category        []
[SQL_LOG:2023-02-07 20:39:07]:  SELECT  ctg_id, category_name  FROM  category        []
[SQL_LOG:2023-02-07 20:39:27]:  SELECT  ctg_id, category_name  FROM  category        []
[SQL_LOG:2023-02-07 20:39:27]:  SELECT  item_id, item_name, price,image, ctg_id  FROM  item        []
[SQL_LOG:2023-02-07 23:58:25]:  SELECT  ctg_id, category_name  FROM  category        []
[SQL_LOG:2023-02-07 23:59:19]:  SELECT  ctg_id, category_name  FROM  category        []
[SQL_LOG:2023-02-07 23:59:19]:  SELECT  item_id, item_name, price,image, ctg_id  FROM  item        []
[SQL_LOG:2023-02-08 00:00:08]:  SELECT  ctg_id, category_name  FROM  category        []
[SQL_LOG:2023-02-08 00:00:08]:  SELECT  item_id, item_name, price,image, ctg_id  FROM  item  WHERE    ctg_id = ?        [1]
[SQL_LOG:2023-02-08 00:00:12]:  SELECT  ctg_id, category_name  FROM  category        []
[SQL_LOG:2023-02-08 00:00:12]:  SELECT  item_id, item_name, price,image, ctg_id  FROM  item        []
[SQL_LOG:2023-02-08 00:00:21]:  SELECT  ctg_id, category_name  FROM  category        []
[SQL_LOG:2023-02-08 00:00:21]:  SELECT  item_id, item_name, price,image, ctg_id  FROM  item  WHERE    ctg_id = ?        [1]
[SQL_LOG:2023-02-08 00:00:23]:  SELECT  ctg_id, category_name  FROM  category        []
[SQL_LOG:2023-02-08 00:00:23]:  SELECT  item_id, item_name, price,image, ctg_id  FROM  item        []
[SQL_LOG:2023-02-08 00:00:25]:  SELECT  customer_no  FROM  session  WHERE   session_key = ?        [3udpmt7f99qkifm0gg2ci0ov9m]
[SQL_LOG:2023-02-08 00:00:25]:  SELECT  ctg_id, category_name  FROM  category        []
[SQL_LOG:2023-02-08 00:00:25]:  SELECT  item_id, item_name, detail, price, image, ctg_id  FROM  item  WHERE    item_id = ?        [1]
[SQL_LOG:2023-02-08 00:00:27]:  SELECT  ctg_id, category_name  FROM  category        []
[SQL_LOG:2023-02-08 00:00:27]:  SELECT  item_id, item_name, price,image, ctg_id  FROM  item        []
[SQL_LOG:2023-02-08 00:17:18]:  SELECT  ctg_id, category_name  FROM  category        []
[SQL_LOG:2023-02-08 00:17:18]:  SELECT  item_id, item_name, price,image, ctg_id  FROM  item        []
[SQL_LOG:2023-02-08 00:17:20]:  SELECT  ctg_id, category_name  FROM  category        []
[SQL_LOG:2023-02-08 00:17:20]:  SELECT  item_id, item_name, price,image, ctg_id  FROM  item        []
[SQL_LOG:2023-02-08 00:17:25]:  SELECT  ctg_id, category_name  FROM  category        []
[SQL_LOG:2023-02-08 00:17:34]:  SELECT  ctg_id, category_name  FROM  category        []
[SQL_LOG:2023-02-08 00:17:35]:  SELECT  item_id, item_name, price,image, ctg_id  FROM  item        []
[SQL_LOG:2023-02-08 00:17:38]:  SELECT  ctg_id, category_name  FROM  category        []
[SQL_LOG:2023-02-08 00:19:05]:  SELECT  ctg_id, category_name  FROM  category        []
[SQL_LOG:2023-02-08 00:28:53]:  SELECT  ctg_id, category_name  FROM  category        []
[SQL_LOG:2023-02-08 00:29:20]:  SELECT  ctg_id, category_name  FROM  category        []
[SQL_LOG:2023-02-08 00:29:51]:  SELECT  ctg_id, category_name  FROM  category        []
[SQL_LOG:2023-02-08 13:25:08]:  SELECT  ctg_id, category_name  FROM  category        []
[SQL_LOG:2023-02-08 13:36:45]:  SELECT  ctg_id, category_name  FROM  category        []
[SQL_LOG:2023-02-08 13:38:47]:  SELECT  ctg_id, category_name  FROM  category        []
[SQL_LOG:2023-02-08 13:38:55]:  SELECT  ctg_id, category_name  FROM  category        []
[SQL_LOG:2023-02-08 13:43:55]:  SELECT  ctg_id, category_name  FROM  category        []
[SQL_LOG:2023-02-08 13:44:05]:  SELECT  ctg_id, category_name  FROM  category        []
[SQL_LOG:2023-02-08 17:35:59]:  SELECT  ctg_id, category_name  FROM  category        []
[SQL_LOG:2023-02-08 17:39:29]:  SELECT  ctg_id, category_name  FROM  category        []
[SQL_LOG:2023-02-08 17:39:33]:  SELECT  ctg_id, category_name  FROM  category        []
[SQL_LOG:2023-02-08 17:42:25]:  SELECT  ctg_id, category_name  FROM  category        []
[SQL_LOG:2023-02-08 17:42:31]:  SELECT  ctg_id, category_name  FROM  category        []
[SQL_LOG:2023-02-08 19:57:47]:  SELECT  ctg_id, category_name  FROM  category        []
[SQL_LOG:2023-02-08 19:57:56]:  SELECT  ctg_id, category_name  FROM  category        []
[SQL_LOG:2023-02-08 19:58:49]:  SELECT  ctg_id, category_name  FROM  category        []
[SQL_LOG:2023-02-08 19:59:06]:  SELECT  ctg_id, category_name  FROM  category        []
[SQL_LOG:2023-02-08 19:59:09]:  SELECT  ctg_id, category_name  FROM  category        []
[SQL_LOG:2023-02-08 22:48:42]:  SELECT  ctg_id, category_name  FROM  category        []
[SQL_LOG:2023-02-08 22:54:24]:  SELECT  ctg_id, category_name  FROM  category        []
[SQL_LOG:2023-02-08 22:56:48]:  SELECT  ctg_id, category_name  FROM  category        []
[SQL_LOG:2023-02-08 22:57:34]:  SELECT  ctg_id, category_name  FROM  category        []
[SQL_LOG:2023-02-08 22:57:46]:  SELECT  ctg_id, category_name  FROM  category        []
[SQL_LOG:2023-02-08 22:58:33]:  SELECT  ctg_id, category_name  FROM  category        []
[SQL_LOG:2023-02-08 22:58:53]:  SELECT  ctg_id, category_name  FROM  category        []
[SQL_LOG:2023-02-08 23:03:01]:  SELECT  ctg_id, category_name  FROM  category        []
[SQL_LOG:2023-02-08 23:08:23]:  SELECT  ctg_id, category_name  FROM  category        []
[SQL_LOG:2023-02-08 23:09:00]:  SELECT  ctg_id, category_name  FROM  category        []
[SQL_LOG:2023-02-08 23:09:04]:  SELECT  ctg_id, category_name  FROM  category        []
[SQL_LOG:2023-02-08 23:09:24]:  SELECT  ctg_id, category_name  FROM  category        []
[SQL_LOG:2023-02-08 23:11:44]:  SELECT  ctg_id, category_name  FROM  category        []
[SQL_LOG:2023-02-08 23:12:34]:  SELECT  ctg_id, category_name  FROM  category        []
[SQL_LOG:2023-02-08 23:13:07]:  SELECT  ctg_id, category_name  FROM  category        []
[SQL_LOG:2023-02-08 23:14:10]:  SELECT  ctg_id, category_name  FROM  category        []
[SQL_LOG:2023-02-08 23:14:32]:  SELECT  ctg_id, category_name  FROM  category        []
[SQL_LOG:2023-02-08 23:14:48]:  SELECT  ctg_id, category_name  FROM  category        []
[SQL_LOG:2023-02-09 02:40:46]:  SELECT  ctg_id, category_name  FROM  category        []
[SQL_LOG:2023-02-09 02:52:58]:  SELECT  ctg_id, category_name  FROM  category        []
[SQL_LOG:2023-02-09 02:53:00]:  INSERT INTO  item  (item_name,item_detail,price,category,image,ctg_id) VALUES (?,?,?,?,?,?)  [,tesuto desu
,100,0,2022-07-15 0.51.jpeg,]
[SQL_LOG:2023-02-09 02:54:15]:  INSERT INTO  item  (item_name,item_detail,price,category,image,ctg_id) VALUES (?,?,?,?,?,?)  [,tesuto desu
,100,0,2022-07-15 0.51.jpeg,]
[SQL_LOG:2023-02-09 02:56:08]:  INSERT INTO  item  (item_name,item_detail,price,category,image,ctg_id) VALUES (?,?,?,?,?,?)  [,tesuto desu
,100,0,2022-07-15 0.51.jpeg,]
[SQL_LOG:2023-02-09 02:57:41]:  INSERT INTO  item  (item_name,item_detail,price,category,image,ctg_id) VALUES (?,?,?,?,?,?)  [,tesuto desu
,100,0,2022-07-15 0.51.jpeg,]
[SQL_LOG:2023-02-09 02:58:40]:  INSERT INTO  item  (item_name,item_detail,price,category,image,ctg_id) VALUES (?,?,?,?,?,?)  [,tesuto desu
,100,0,2022-07-15 0.51.jpeg,]
[SQL_LOG:2023-02-09 02:59:11]:  INSERT INTO  item  (item_name,item_detail,price,category,image,ctg_id) VALUES (?,?,?,?,?,?)  [,tesuto desu
,100,0,2022-07-15 0.51.jpeg,]
[SQL_LOG:2023-02-09 03:20:09]:  SELECT  ctg_id, category_name  FROM  category        []
[SQL_LOG:2023-02-09 03:20:14]:  INSERT INTO  item  (item_name,item_detail,price,category,image,ctg_id) VALUES (?,?,?,?,?,?)  [,tesuto desu
,100,0,2022-07-15 0.51.jpeg,]
[SQL_LOG:2023-02-09 03:20:47]:  INSERT INTO  item  (item_name,item_detail,price,category,image,ctg_id) VALUES (?,?,?,?,?,?)  [,tesuto desu
,100,0,2022-07-15 0.51.jpeg,]
[SQL_LOG:2023-02-09 03:21:01]:  SELECT  ctg_id, category_name  FROM  category        []
[SQL_LOG:2023-02-09 03:21:03]:  INSERT INTO  item  (item_name,item_detail,price,category,image,ctg_id) VALUES (?,?,?,?,?,?)  [,tesuto desu
,100,0,2022-07-15 0.51.jpeg,]
[SQL_LOG:2023-02-09 03:23:44]:  INSERT INTO  item  (item_name,item_detail,price,category,image,ctg_id) VALUES (?,?,?,?,?,?)  [,tesuto desu
,100,0,2022-07-15 0.51.jpeg,]
[SQL_LOG:2023-02-09 03:23:50]:  SELECT  ctg_id, category_name  FROM  category        []
[SQL_LOG:2023-02-09 03:23:52]:  INSERT INTO  item  (item_name,item_detail,price,category,image,ctg_id) VALUES (?,?,?,?,?,?)  [,tesuto desu
,100,0,2022-07-15 0.51.jpeg,]
[SQL_LOG:2023-02-09 03:25:22]:  INSERT INTO  item  (item_name,item_detail,price,category,image,ctg_id) VALUES (?,?,?,?,?,?)  [,tesuto desu
,100,0,2022-07-15 0.51.jpeg,]
[SQL_LOG:2023-02-09 03:25:27]:  SELECT  ctg_id, category_name  FROM  category        []
[SQL_LOG:2023-02-09 03:25:29]:  INSERT INTO  item  (item_name,item_detail,price,category,image,ctg_id) VALUES (?,?,?,?,?,?)  [,tesuto desu
,100,0,2022-07-15 0.51.jpeg,]
[SQL_LOG:2023-02-09 03:25:48]:  INSERT INTO  item  (item_name,item_detail,price,category,image,ctg_id) VALUES (?,?,?,?,?,?)  [,tesuto desu
,100,0,2022-07-15 0.51.jpeg,]
[SQL_LOG:2023-02-09 03:26:52]:  INSERT INTO  item  (item_name,item_detail,price,category,image,ctg_id) VALUES (?,?,?,?,?,?)  [,tesuto desu
,100,0,2022-07-15 0.51.jpeg,]
[SQL_LOG:2023-02-09 07:46:36]:  SELECT  ctg_id, category_name  FROM  category        []
[SQL_LOG:2023-02-09 07:46:41]:  SELECT  ctg_id, category_name  FROM  category        []
[SQL_LOG:2023-02-09 07:46:49]:  SELECT  ctg_id, category_name  FROM  category        []
[SQL_LOG:2023-02-09 07:47:15]:  SELECT  ctg_id, category_name  FROM  category        []
[SQL_LOG:2023-02-09 07:47:25]:  SELECT  ctg_id, category_name  FROM  category        []
[SQL_LOG:2023-02-09 07:47:37]:  SELECT  ctg_id, category_name  FROM  category        []
[SQL_LOG:2023-02-09 07:47:38]:  INSERT INTO  item  (item_name,item_detail,price,category,image,ctg_id) VALUES (?,?,?,?,?,?)  [,tesuto desu
,100,0,2022-07-15 0.51.jpeg,]
[SQL_LOG:2023-02-09 07:54:18]:  SELECT  ctg_id, category_name  FROM  category        []
[SQL_LOG:2023-02-09 07:54:32]:  INSERT INTO  item  (item_name,item_detail,price,category,image,ctg_id) VALUES (?,?,?,?,?,?)  [,tesuto desu
,100,0,2022-07-15 0.51.jpeg,]
[SQL_LOG:2023-02-09 07:59:05]:  SELECT  ctg_id, category_name  FROM  category        []
[SQL_LOG:2023-02-09 07:59:10]:  INSERT INTO  item  (item_name,item_detail,price,category,image,ctg_id) VALUES (?,?,?,?,?,?)  [,tesuto desu
,100,0,2022-07-15 0.51.jpeg,]
[SQL_LOG:2023-02-09 07:59:18]:  SELECT  ctg_id, category_name  FROM  category        []
[SQL_LOG:2023-02-09 07:59:38]:  INSERT INTO  item  (item_name,item_detail,price,category,image,ctg_id) VALUES (?,?,?,?,?,?)  [,tesuto desu
,100,0,2022-07-15 0.51.jpeg,]
[SQL_LOG:2023-02-09 08:01:08]:  SELECT  ctg_id, category_name  FROM  category        []
[SQL_LOG:2023-02-09 08:01:12]:  INSERT INTO  item  (item_name,item_detail,price,category,image,ctg_id) VALUES (?,?,?,?,?,?)  [,tesuto desu
,100,0,2022-07-15 0.51.jpeg,]
[SQL_LOG:2023-02-09 08:02:20]:  INSERT INTO  item  (item_name,item_detail,price,category,image,ctg_id) VALUES (?,?,?,?,?,?)  [,tesuto desu
,100,0,2022-07-15 0.51.jpeg,]
[SQL_LOG:2023-02-09 08:02:56]:  INSERT INTO  item  (item_name,item_detail,price,category,image,ctg_id) VALUES (?,?,?,?,?,?)  [,tesuto desu
,100,0,2022-07-15 0.51.jpeg,]
[SQL_LOG:2023-02-09 08:04:58]:  SELECT  ctg_id, category_name  FROM  category        []
[SQL_LOG:2023-02-09 08:05:01]:  INSERT INTO  item  (item_name,item_detail,price,category,image,ctg_id) VALUES (?,?,?,?,?,?)  [,tesuto desu
,100,0,2022-07-15 0.51.jpeg,]
[SQL_LOG:2023-02-09 08:05:12]:  SELECT  ctg_id, category_name  FROM  category        []
[SQL_LOG:2023-02-09 08:05:42]:  INSERT INTO  item  (item_name,item_detail,price,category,image,ctg_id) VALUES (?,?,?,?,?,?)  [,tesuto desu
,100,0,2022-07-15 0.51.jpeg,]
[SQL_LOG:2023-02-09 08:05:55]:  SELECT  ctg_id, category_name  FROM  category        []
[SQL_LOG:2023-02-09 08:05:59]:  SELECT  ctg_id, category_name  FROM  category        []
[SQL_LOG:2023-02-09 08:06:01]:  INSERT INTO  item  (item_name,item_detail,price,ctg_id,image) VALUES (?,?,?,?,?)  [,tesuto desu
,100,0,2022-07-15 0.51.jpeg]
[SQL_LOG:2023-02-09 08:07:30]:  SELECT  ctg_id, category_name  FROM  category        []
[SQL_LOG:2023-02-09 08:07:32]:  INSERT INTO  item  (item_name,item_detail,price,ctg_id,image) VALUES (?,?,?,?,?)  [,tesuto desu
,100,0,2022-07-15 0.51.jpeg]
[SQL_LOG:2023-02-09 08:27:20]:  SELECT  ctg_id, category_name  FROM  category        []
[SQL_LOG:2023-02-09 08:27:20]:  SELECT  item_id, item_name, price,image, ctg_id  FROM  item        []
[SQL_LOG:2023-02-09 08:27:25]:  SELECT  ctg_id, category_name  FROM  category        []
[SQL_LOG:2023-02-09 08:27:48]:  SELECT  ctg_id, category_name  FROM  category        []
[SQL_LOG:2023-02-09 08:28:37]:  SELECT  ctg_id, category_name  FROM  category        []
[SQL_LOG:2023-02-09 08:28:43]:  INSERT INTO  item  (item_name,item_detail,price,ctg_id,image) VALUES (?,?,?,?,?)  [,,100,1,2022-07-15 0.51.jpeg]
[SQL_LOG:2023-02-09 08:30:36]:  SELECT  ctg_id, category_name  FROM  category        []
[SQL_LOG:2023-02-09 08:30:36]:  SELECT  item_id, item_name, price,image, ctg_id  FROM  item        []
[SQL_LOG:2023-02-09 08:31:41]:  SELECT  customer_no  FROM  session  WHERE   session_key = ?        [3udpmt7f99qkifm0gg2ci0ov9m]
[SQL_LOG:2023-02-09 08:31:41]:  SELECT  ctg_id, category_name  FROM  category        []
[SQL_LOG:2023-02-09 08:31:41]:  SELECT  item_id, item_name, detail, price, image, ctg_id  FROM  item  WHERE    item_id = ?        [13]
[SQL_LOG:2023-02-09 08:31:51]:  SELECT  ctg_id, category_name  FROM  category        []
[SQL_LOG:2023-02-09 08:31:51]:  SELECT  item_id, item_name, price,image, ctg_id  FROM  item        []
